2025-03-01 13:32:01,249 - backend.alpaca_api - INFO - Loading Alpaca API configuration from: /Users/yannickstumpf/PycharmProjects/Trading/config/settings.json
2025-03-01 13:32:01,249 - backend.alpaca_api - INFO - API key from config: PKLZ...EMG4
2025-03-01 13:32:01,571 - backend.alpaca_api - INFO - Alpaca API client initialized and verified successfully
2025-03-01 13:32:01,677 - backend.database - INFO - Using SQLite database at: /Users/yannickstumpf/PycharmProjects/Trading/backend/data/trading_bot.db
2025-03-01 13:32:01,686 - backend.database - INFO - SQLite database connection established
2025-03-01 13:32:07,085 - backend.alpaca_api - INFO - Loading Alpaca API configuration from: /Users/yannickstumpf/PycharmProjects/Trading/config/settings.json
2025-03-01 13:32:07,085 - backend.alpaca_api - INFO - API key from config: PKLZ...EMG4
2025-03-01 13:32:07,397 - backend.alpaca_api - INFO - Alpaca API client initialized and verified successfully
2025-03-01 13:32:07,517 - backend.database - INFO - Using SQLite database at: /Users/yannickstumpf/PycharmProjects/Trading/backend/data/trading_bot.db
2025-03-01 13:32:07,541 - backend.database - INFO - SQLite database connection established
2025-03-01 13:32:07,543 - backend.trade_bot - INFO - Loaded configuration from /Users/yannickstumpf/PycharmProjects/Trading/config/settings.json
2025-03-01 13:32:07,544 - backend.alpaca_api - INFO - Loading Alpaca API configuration from: /Users/yannickstumpf/PycharmProjects/Trading/config/settings.json
2025-03-01 13:32:07,544 - backend.alpaca_api - INFO - API key from config: PKLZ...EMG4
2025-03-01 13:32:07,864 - backend.alpaca_api - INFO - Alpaca API client initialized and verified successfully
2025-03-01 13:32:07,864 - backend.database - INFO - Using SQLite database at: /Users/yannickstumpf/PycharmProjects/Trading/backend/data/trading_bot.db
2025-03-01 13:32:07,869 - backend.database - INFO - SQLite database connection established
2025-03-01 13:32:07,870 - backend.trade_bot - ERROR - No model found for AAPL
2025-03-01 13:32:07,870 - backend.trade_bot - INFO - Using technical strategy for AAPL
2025-03-01 13:32:07,870 - backend.trade_bot - ERROR - No model found for MSFT
2025-03-01 13:32:07,870 - backend.trade_bot - INFO - Using technical strategy for MSFT
2025-03-01 13:32:07,871 - backend.trade_bot - ERROR - No model found for GOOGL
2025-03-01 13:32:07,871 - backend.trade_bot - INFO - Using technical strategy for GOOGL
2025-03-01 13:32:07,871 - backend.trade_bot - ERROR - No model found for AMZN
2025-03-01 13:32:07,871 - backend.trade_bot - INFO - Using technical strategy for AMZN
2025-03-01 13:32:07,872 - backend.trade_bot - ERROR - No model found for TSLA
2025-03-01 13:32:07,872 - backend.trade_bot - INFO - Using technical strategy for TSLA
2025-03-01 13:32:07,872 - backend.trade_bot - INFO - All components initialized successfully
2025-03-01 13:32:07,883 - __main__ - INFO - Fetching historical data for ['AAPL', 'MSFT', 'GOOGL']
2025-03-01 13:32:08,416 - __main__ - WARNING - Strategy for AAPL is not an ML strategy
2025-03-01 13:32:08,423 - __main__ - WARNING - No active model found in database
2025-03-01 13:32:08,474 - __main__ - WARNING - Strategy for MSFT is not an ML strategy
2025-03-01 13:32:08,475 - __main__ - WARNING - No active model found in database
2025-03-01 13:32:08,486 - __main__ - WARNING - Strategy for GOOGL is not an ML strategy
2025-03-01 13:32:08,488 - __main__ - WARNING - No active model found in database
2025-03-01 13:34:25,482 - backend.alpaca_api - INFO - Loading Alpaca API configuration from: /Users/yannickstumpf/PycharmProjects/Trading/config/settings.json
2025-03-01 13:34:25,482 - backend.alpaca_api - INFO - API key from config: PKLZ...EMG4
2025-03-01 13:34:25,803 - backend.alpaca_api - INFO - Alpaca API client initialized and verified successfully
2025-03-01 13:34:25,906 - backend.database - INFO - Using SQLite database at: /Users/yannickstumpf/PycharmProjects/Trading/backend/data/trading_bot.db
2025-03-01 13:34:25,916 - backend.database - INFO - SQLite database connection established
2025-03-01 13:34:31,139 - backend.alpaca_api - INFO - Loading Alpaca API configuration from: /Users/yannickstumpf/PycharmProjects/Trading/config/settings.json
2025-03-01 13:34:31,140 - backend.alpaca_api - INFO - API key from config: PKLZ...EMG4
2025-03-01 13:34:31,457 - backend.alpaca_api - INFO - Alpaca API client initialized and verified successfully
2025-03-01 13:34:31,569 - backend.database - INFO - Using SQLite database at: /Users/yannickstumpf/PycharmProjects/Trading/backend/data/trading_bot.db
2025-03-01 13:34:31,586 - backend.database - INFO - SQLite database connection established
2025-03-01 13:34:31,590 - backend.trade_bot - INFO - Loaded configuration from /Users/yannickstumpf/PycharmProjects/Trading/config/settings.json
2025-03-01 13:34:31,590 - backend.alpaca_api - INFO - Loading Alpaca API configuration from: /Users/yannickstumpf/PycharmProjects/Trading/config/settings.json
2025-03-01 13:34:31,590 - backend.alpaca_api - INFO - API key from config: PKLZ...EMG4
2025-03-01 13:34:31,911 - backend.alpaca_api - INFO - Alpaca API client initialized and verified successfully
2025-03-01 13:34:31,912 - backend.database - INFO - Using SQLite database at: /Users/yannickstumpf/PycharmProjects/Trading/backend/data/trading_bot.db
2025-03-01 13:34:31,917 - backend.database - INFO - SQLite database connection established
2025-03-01 13:34:31,918 - backend.trade_bot - ERROR - No model found for AAPL
2025-03-01 13:34:31,918 - backend.trade_bot - INFO - Using technical strategy for AAPL
2025-03-01 13:34:31,919 - backend.trade_bot - ERROR - No model found for MSFT
2025-03-01 13:34:31,919 - backend.trade_bot - INFO - Using technical strategy for MSFT
2025-03-01 13:34:31,920 - backend.trade_bot - ERROR - No model found for GOOGL
2025-03-01 13:34:31,920 - backend.trade_bot - INFO - Using technical strategy for GOOGL
2025-03-01 13:34:31,921 - backend.trade_bot - ERROR - No model found for AMZN
2025-03-01 13:34:31,921 - backend.trade_bot - INFO - Using technical strategy for AMZN
2025-03-01 13:34:31,921 - backend.trade_bot - ERROR - No model found for TSLA
2025-03-01 13:34:31,921 - backend.trade_bot - INFO - Using technical strategy for TSLA
2025-03-01 13:34:31,922 - backend.trade_bot - INFO - All components initialized successfully
2025-03-01 13:34:31,933 - __main__ - INFO - Fetching historical data for ['AAPL', 'MSFT', 'GOOGL']
2025-03-01 13:34:32,473 - __main__ - WARNING - Strategy for AAPL is not an ML strategy
2025-03-01 13:34:32,480 - __main__ - WARNING - No active model found in database
2025-03-01 13:34:32,532 - __main__ - WARNING - Strategy for MSFT is not an ML strategy
2025-03-01 13:34:32,533 - __main__ - WARNING - No active model found in database
2025-03-01 13:34:32,545 - __main__ - WARNING - Strategy for GOOGL is not an ML strategy
2025-03-01 13:34:32,545 - __main__ - WARNING - No active model found in database
2025-03-01 13:34:33,441 - __main__ - INFO - Training gestartet mit Konfiguration: {'ALPACA_API_KEY': 'PKLZKA6O0B9MTB5OEMG4', 'ALPACA_API_SECRET': 'UmRlUu8lNd09nOq9ycjtt9bNUDenGJcNVY1d5bJ2', 'ALPACA_API_BASE_URL': 'https://paper-api.alpaca.markets', 'ALPACA_DATA_URL': 'https://data.alpaca.markets', 'DB_HOST': 'localhost', 'DB_PORT': '5432', 'DB_NAME': 'trading_bot', 'DB_USER': 'postgres', 'DB_PASSWORD': 'your_db_password_here', 'TRADING_SYMBOLS': ['AAPL', 'MSFT'], 'DEFAULT_TIMEFRAME': '1Day', 'TRAINING_PERIOD_DAYS': 365, 'PAPER_TRADING': True, 'AI_MODEL_SETTINGS': {'model_type': 'PPO', 'learning_rate': 0.001, 'n_steps': 2048, 'batch_size': 64, 'n_epochs': 10, 'gamma': 0.99, 'gae_lambda': 0.95, 'clip_range': 0.2, 'ent_coef': 0.0, 'max_grad_norm': 0.5, 'vf_coef': 0.5, 'num_epochs': 1000}, 'REWARD_SETTINGS': {'profit_reward_factor': 1.0, 'loss_penalty_factor': 1.0, 'trade_frequency_penalty': 0.01, 'position_holding_reward': 0.001, 'drawdown_penalty_factor': 0.5, 'risk_adjusted_return_factor': 0.5}}
2025-03-01 13:34:33,441 - __main__ - INFO - Final configuration: {'ALPACA_API_KEY': 'PKLZKA6O0B9MTB5OEMG4', 'ALPACA_API_SECRET': 'UmRlUu8lNd09nOq9ycjtt9bNUDenGJcNVY1d5bJ2', 'ALPACA_API_BASE_URL': 'https://paper-api.alpaca.markets', 'ALPACA_DATA_URL': 'https://data.alpaca.markets', 'DB_HOST': 'localhost', 'DB_PORT': '5432', 'DB_NAME': 'trading_bot', 'DB_USER': 'postgres', 'DB_PASSWORD': 'your_db_password_here', 'TRADING_SYMBOLS': ['AAPL', 'MSFT'], 'DEFAULT_TIMEFRAME': '1Day', 'TRAINING_PERIOD_DAYS': 365, 'PAPER_TRADING': True, 'AI_MODEL_SETTINGS': {'model_type': 'PPO', 'learning_rate': 0.001, 'n_steps': 2048, 'batch_size': 64, 'n_epochs': 10, 'gamma': 0.99, 'gae_lambda': 0.95, 'clip_range': 0.2, 'ent_coef': 0.0, 'max_grad_norm': 0.5, 'vf_coef': 0.5, 'num_epochs': 1000}, 'REWARD_SETTINGS': {'profit_reward_factor': 1.0, 'loss_penalty_factor': 1.0, 'trade_frequency_penalty': 0.01, 'position_holding_reward': 0.001, 'drawdown_penalty_factor': 0.5, 'risk_adjusted_return_factor': 0.5}}
2025-03-01 13:34:33,441 - __main__ - INFO - Zu trainierende Symbole: ['AAPL', 'MSFT']
2025-03-01 13:34:33,441 - backend.training_completion_utils - INFO - =========================================
2025-03-01 13:34:33,441 - backend.training_completion_utils - INFO - Training vollständig abgeschlossen!
2025-03-01 13:34:33,441 - backend.training_completion_utils - INFO - Modelle für 2 Symbole trainiert: AAPL, MSFT
2025-03-01 13:34:33,441 - backend.training_completion_utils - INFO - Modelle wurden gespeichert in: /Users/yannickstumpf/PycharmProjects/Trading/backend/models
2025-03-01 13:34:33,442 - backend.training_completion_utils - INFO - =========================================
2025-03-01 13:34:33,442 - backend.training_completion_utils - INFO - Trainingsabschluss-Benachrichtigung gespeichert: /Users/yannickstumpf/PycharmProjects/Trading/logs/training_complete.json
2025-03-01 13:34:33,442 - __main__ - INFO - Training completed successfully!
2025-03-01 13:37:13,486 - backend.alpaca_api - INFO - Loading Alpaca API configuration from: /Users/yannickstumpf/PycharmProjects/Trading/config/settings.json
2025-03-01 13:37:13,486 - backend.alpaca_api - INFO - API key from config: PKLZ...EMG4
2025-03-01 13:37:13,815 - backend.alpaca_api - INFO - Alpaca API client initialized and verified successfully
2025-03-01 13:37:13,920 - backend.database - INFO - Using SQLite database at: /Users/yannickstumpf/PycharmProjects/Trading/backend/data/trading_bot.db
2025-03-01 13:37:13,933 - backend.database - INFO - SQLite database connection established
2025-03-01 13:37:19,249 - backend.alpaca_api - INFO - Loading Alpaca API configuration from: /Users/yannickstumpf/PycharmProjects/Trading/config/settings.json
2025-03-01 13:37:19,249 - backend.alpaca_api - INFO - API key from config: PKLZ...EMG4
2025-03-01 13:37:19,568 - backend.alpaca_api - INFO - Alpaca API client initialized and verified successfully
2025-03-01 13:37:19,680 - backend.database - INFO - Using SQLite database at: /Users/yannickstumpf/PycharmProjects/Trading/backend/data/trading_bot.db
2025-03-01 13:37:19,703 - backend.database - INFO - SQLite database connection established
2025-03-01 13:37:19,705 - backend.trade_bot - INFO - Loaded configuration from /Users/yannickstumpf/PycharmProjects/Trading/config/settings.json
2025-03-01 13:37:19,706 - backend.alpaca_api - INFO - Loading Alpaca API configuration from: /Users/yannickstumpf/PycharmProjects/Trading/config/settings.json
2025-03-01 13:37:19,706 - backend.alpaca_api - INFO - API key from config: PKLZ...EMG4
2025-03-01 13:37:20,023 - backend.alpaca_api - INFO - Alpaca API client initialized and verified successfully
2025-03-01 13:37:20,024 - backend.database - INFO - Using SQLite database at: /Users/yannickstumpf/PycharmProjects/Trading/backend/data/trading_bot.db
2025-03-01 13:37:20,028 - backend.database - INFO - SQLite database connection established
2025-03-01 13:37:20,028 - backend.trade_bot - ERROR - No model found for AAPL
2025-03-01 13:37:20,029 - backend.trade_bot - INFO - Using technical strategy for AAPL
2025-03-01 13:37:20,029 - backend.trade_bot - ERROR - No model found for MSFT
2025-03-01 13:37:20,029 - backend.trade_bot - INFO - Using technical strategy for MSFT
2025-03-01 13:37:20,030 - backend.trade_bot - ERROR - No model found for GOOGL
2025-03-01 13:37:20,030 - backend.trade_bot - INFO - Using technical strategy for GOOGL
2025-03-01 13:37:20,030 - backend.trade_bot - ERROR - No model found for AMZN
2025-03-01 13:37:20,031 - backend.trade_bot - INFO - Using technical strategy for AMZN
2025-03-01 13:37:20,031 - backend.trade_bot - ERROR - No model found for TSLA
2025-03-01 13:37:20,031 - backend.trade_bot - INFO - Using technical strategy for TSLA
2025-03-01 13:37:20,031 - backend.trade_bot - INFO - All components initialized successfully
2025-03-01 13:37:20,044 - __main__ - INFO - Fetching historical data for ['AAPL', 'MSFT', 'GOOGL']
2025-03-01 13:37:20,594 - __main__ - WARNING - Strategy for AAPL is not an ML strategy
2025-03-01 13:37:20,620 - __main__ - WARNING - No active model found in database
2025-03-01 13:37:20,691 - __main__ - WARNING - Strategy for MSFT is not an ML strategy
2025-03-01 13:37:20,692 - __main__ - WARNING - No active model found in database
2025-03-01 13:37:20,703 - __main__ - WARNING - Strategy for GOOGL is not an ML strategy
2025-03-01 13:37:20,704 - __main__ - WARNING - No active model found in database
2025-03-01 13:37:32,524 - __main__ - INFO - Python executable: /Users/yannickstumpf/PycharmProjects/Trading/.venv/bin/python
2025-03-01 13:37:32,524 - __main__ - INFO - Python version: 3.12.0 (v3.12.0:0fb18b02c8, Oct  2 2023, 09:45:56) [Clang 13.0.0 (clang-1300.0.29.30)]
2025-03-01 13:37:32,524 - __main__ - INFO - Current working directory: /Users/yannickstumpf/PycharmProjects/Trading
2025-03-01 13:37:32,524 - __main__ - INFO - Parent directory: /Users/yannickstumpf/PycharmProjects/Trading
2025-03-01 13:37:32,524 - __main__ - INFO - Training gestartet mit Konfiguration: {'ALPACA_API_KEY': 'PKLZKA6O0B9MTB5OEMG4', 'ALPACA_API_SECRET': 'UmRlUu8lNd09nOq9ycjtt9bNUDenGJcNVY1d5bJ2', 'ALPACA_API_BASE_URL': 'https://paper-api.alpaca.markets', 'ALPACA_DATA_URL': 'https://data.alpaca.markets', 'DB_HOST': 'localhost', 'DB_PORT': '5432', 'DB_NAME': 'trading_bot', 'DB_USER': 'postgres', 'DB_PASSWORD': 'your_db_password_here', 'TRADING_SYMBOLS': ['AAPL'], 'DEFAULT_TIMEFRAME': '1Day', 'TRAINING_PERIOD_DAYS': 365, 'PAPER_TRADING': True, 'AI_MODEL_SETTINGS': {'model_type': 'PPO', 'learning_rate': 0.001, 'n_steps': 2048, 'batch_size': 64, 'n_epochs': 10, 'gamma': 0.99, 'gae_lambda': 0.95, 'clip_range': 0.2, 'ent_coef': 0.0, 'max_grad_norm': 0.5, 'vf_coef': 0.5, 'num_epochs': 4910}, 'REWARD_SETTINGS': {'profit_reward_factor': 1.0, 'loss_penalty_factor': 1.0, 'trade_frequency_penalty': 0.01, 'position_holding_reward': 0.001, 'drawdown_penalty_factor': 0.5, 'risk_adjusted_return_factor': 0.5}}
2025-03-01 13:37:32,524 - __main__ - INFO - Final model parameters: {'sequence_length': 20, 'prediction_horizon': 1, 'hidden_size': 128, 'num_layers': 2, 'dropout': 0.2, 'batch_size': 64, 'learning_rate': 0.001, 'num_epochs': 4910}
2025-03-01 13:37:32,524 - backend.training_completion_utils - INFO - =========================================
2025-03-01 13:37:32,524 - backend.training_completion_utils - INFO - Training vollständig abgeschlossen!
2025-03-01 13:37:32,524 - backend.training_completion_utils - INFO - Modelle für 1 Symbole trainiert: AAPL
2025-03-01 13:37:32,524 - backend.training_completion_utils - INFO - Modelle wurden gespeichert in: /Users/yannickstumpf/PycharmProjects/Trading/backend/models
2025-03-01 13:37:32,524 - backend.training_completion_utils - INFO - =========================================
2025-03-01 13:37:32,525 - backend.training_completion_utils - INFO - Trainingsabschluss-Benachrichtigung gespeichert: /Users/yannickstumpf/PycharmProjects/Trading/logs/training_complete.json
2025-03-01 13:37:32,525 - __main__ - INFO - Training completed successfully!
2025-03-01 13:38:51,755 - __main__ - INFO - Python executable: /Users/yannickstumpf/PycharmProjects/Trading/.venv/bin/python
2025-03-01 13:38:51,755 - __main__ - INFO - Python version: 3.12.0 (v3.12.0:0fb18b02c8, Oct  2 2023, 09:45:56) [Clang 13.0.0 (clang-1300.0.29.30)]
2025-03-01 13:38:51,755 - __main__ - INFO - Current working directory: /Users/yannickstumpf/PycharmProjects/Trading
2025-03-01 13:38:51,755 - __main__ - INFO - Parent directory: /Users/yannickstumpf/PycharmProjects/Trading
2025-03-01 13:38:51,755 - __main__ - INFO - Training gestartet mit Konfiguration: {'ALPACA_API_KEY': 'PKLZKA6O0B9MTB5OEMG4', 'ALPACA_API_SECRET': 'UmRlUu8lNd09nOq9ycjtt9bNUDenGJcNVY1d5bJ2', 'ALPACA_API_BASE_URL': 'https://paper-api.alpaca.markets', 'ALPACA_DATA_URL': 'https://data.alpaca.markets', 'DB_HOST': 'localhost', 'DB_PORT': '5432', 'DB_NAME': 'trading_bot', 'DB_USER': 'postgres', 'DB_PASSWORD': 'your_db_password_here', 'TRADING_SYMBOLS': ['AAPL', 'MSFT', 'GOOGL', 'AMZN', 'TSLA'], 'DEFAULT_TIMEFRAME': '1Day', 'TRAINING_PERIOD_DAYS': 365, 'PAPER_TRADING': True, 'AI_MODEL_SETTINGS': {'model_type': 'PPO', 'learning_rate': 0.001, 'n_steps': 2048, 'batch_size': 64, 'n_epochs': 10, 'gamma': 0.99, 'gae_lambda': 0.95, 'clip_range': 0.2, 'ent_coef': 0.0, 'max_grad_norm': 0.5, 'vf_coef': 0.5, 'num_epochs': 50}, 'REWARD_SETTINGS': {'profit_reward_factor': 1.0, 'loss_penalty_factor': 1.0, 'trade_frequency_penalty': 0.01, 'position_holding_reward': 0.001, 'drawdown_penalty_factor': 0.5, 'risk_adjusted_return_factor': 0.5}}
2025-03-01 13:38:51,755 - __main__ - INFO - Final model parameters: {'sequence_length': 20, 'prediction_horizon': 1, 'hidden_size': 128, 'num_layers': 2, 'dropout': 0.2, 'batch_size': 64, 'learning_rate': 0.001, 'num_epochs': 50}
2025-03-01 13:38:51,755 - backend.training_completion_utils - INFO - =========================================
2025-03-01 13:38:51,755 - backend.training_completion_utils - INFO - Training vollständig abgeschlossen!
2025-03-01 13:38:51,755 - backend.training_completion_utils - INFO - Modelle für 5 Symbole trainiert: AAPL, MSFT, GOOGL, AMZN, TSLA
2025-03-01 13:38:51,755 - backend.training_completion_utils - INFO - Modelle wurden gespeichert in: /Users/yannickstumpf/PycharmProjects/Trading/backend/models
2025-03-01 13:38:51,755 - backend.training_completion_utils - INFO - =========================================
2025-03-01 13:38:51,756 - backend.training_completion_utils - INFO - Trainingsabschluss-Benachrichtigung gespeichert: /Users/yannickstumpf/PycharmProjects/Trading/logs/training_complete.json
2025-03-01 13:38:51,756 - __main__ - INFO - Training completed successfully!
2025-03-01 13:44:01,601 - __main__ - INFO - Python executable: /Users/yannickstumpf/PycharmProjects/Trading/.venv/bin/python
2025-03-01 13:44:01,602 - __main__ - INFO - Python version: 3.12.0 (v3.12.0:0fb18b02c8, Oct  2 2023, 09:45:56) [Clang 13.0.0 (clang-1300.0.29.30)]
2025-03-01 13:44:01,602 - __main__ - INFO - Current working directory: /Users/yannickstumpf/PycharmProjects/Trading
2025-03-01 13:44:01,602 - __main__ - INFO - Parent directory: /Users/yannickstumpf/PycharmProjects/Trading
2025-03-01 13:44:01,602 - __main__ - INFO - Training gestartet mit Konfiguration: {'ALPACA_API_KEY': 'PKLZKA6O0B9MTB5OEMG4', 'ALPACA_API_SECRET': 'UmRlUu8lNd09nOq9ycjtt9bNUDenGJcNVY1d5bJ2', 'ALPACA_API_BASE_URL': 'https://paper-api.alpaca.markets', 'ALPACA_DATA_URL': 'https://data.alpaca.markets', 'DB_HOST': 'localhost', 'DB_PORT': '5432', 'DB_NAME': 'trading_bot', 'DB_USER': 'postgres', 'DB_PASSWORD': 'your_db_password_here', 'TRADING_SYMBOLS': ['AAPL', 'MSFT', 'GOOGL', 'AMZN', 'TSLA'], 'DEFAULT_TIMEFRAME': '1Day', 'TRAINING_PERIOD_DAYS': 365, 'PAPER_TRADING': True, 'AI_MODEL_SETTINGS': {'model_type': 'PPO', 'learning_rate': 0.001, 'n_steps': 2048, 'batch_size': 64, 'n_epochs': 10, 'gamma': 0.99, 'gae_lambda': 0.95, 'clip_range': 0.2, 'ent_coef': 0.0, 'max_grad_norm': 0.5, 'vf_coef': 0.5, 'num_epochs': 50}, 'REWARD_SETTINGS': {'profit_reward_factor': 1.0, 'loss_penalty_factor': 1.0, 'trade_frequency_penalty': 0.01, 'position_holding_reward': 0.001, 'drawdown_penalty_factor': 0.5, 'risk_adjusted_return_factor': 0.5}}
2025-03-01 13:44:01,602 - __main__ - INFO - Loaded configuration: {
  "ALPACA_API_KEY": "PKLZKA6O0B9MTB5OEMG4",
  "ALPACA_API_SECRET": "UmRlUu8lNd09nOq9ycjtt9bNUDenGJcNVY1d5bJ2",
  "ALPACA_API_BASE_URL": "https://paper-api.alpaca.markets",
  "ALPACA_DATA_URL": "https://data.alpaca.markets",
  "DB_HOST": "localhost",
  "DB_PORT": "5432",
  "DB_NAME": "trading_bot",
  "DB_USER": "postgres",
  "DB_PASSWORD": "your_db_password_here",
  "TRADING_SYMBOLS": [
    "AAPL",
    "MSFT",
    "GOOGL",
    "AMZN",
    "TSLA"
  ],
  "DEFAULT_TIMEFRAME": "1Day",
  "TRAINING_PERIOD_DAYS": 365,
  "PAPER_TRADING": true,
  "AI_MODEL_SETTINGS": {
    "model_type": "PPO",
    "learning_rate": 0.001,
    "n_steps": 2048,
    "batch_size": 64,
    "n_epochs": 10,
    "gamma": 0.99,
    "gae_lambda": 0.95,
    "clip_range": 0.2,
    "ent_coef": 0.0,
    "max_grad_norm": 0.5,
    "vf_coef": 0.5,
    "num_epochs": 50
  },
  "REWARD_SETTINGS": {
    "profit_reward_factor": 1.0,
    "loss_penalty_factor": 1.0,
    "trade_frequency_penalty": 0.01,
    "position_holding_reward": 0.001,
    "drawdown_penalty_factor": 0.5,
    "risk_adjusted_return_factor": 0.5
  }
}
2025-03-01 13:44:01,602 - __main__ - INFO - Training parameters:
2025-03-01 13:44:01,602 - __main__ - INFO -   Symbols: ['AAPL', 'MSFT', 'GOOGL', 'AMZN', 'TSLA']
2025-03-01 13:44:01,602 - __main__ - INFO -   Timeframe: 1Day
2025-03-01 13:44:01,602 - __main__ - INFO -   Training Days: 365
2025-03-01 13:44:01,602 - __main__ - INFO - Model Parameter - sequence_length: 20
2025-03-01 13:44:01,602 - __main__ - INFO - Model Parameter - prediction_horizon: 1
2025-03-01 13:44:01,602 - __main__ - INFO - Model Parameter - hidden_size: 128
2025-03-01 13:44:01,602 - __main__ - INFO - Model Parameter - num_layers: 2
2025-03-01 13:44:01,603 - __main__ - INFO - Model Parameter - dropout: 0.2
2025-03-01 13:44:01,603 - __main__ - INFO - Model Parameter - batch_size: 64
2025-03-01 13:44:01,603 - __main__ - INFO - Model Parameter - learning_rate: 0.001
2025-03-01 13:44:01,603 - __main__ - INFO - Model Parameter - num_epochs: 50
2025-03-01 13:44:01,603 - __main__ - INFO - Torch version: 2.6.0
2025-03-01 13:44:01,603 - __main__ - INFO - Pandas version: 2.2.3
2025-03-01 13:44:01,603 - __main__ - INFO - NumPy version: 2.2.3
2025-03-01 13:44:01,603 - backend.training_completion_utils - INFO - =========================================
2025-03-01 13:44:01,603 - backend.training_completion_utils - INFO - Training vollständig abgeschlossen!
2025-03-01 13:44:01,603 - backend.training_completion_utils - INFO - Modelle für 5 Symbole trainiert: AAPL, MSFT, GOOGL, AMZN, TSLA
2025-03-01 13:44:01,603 - backend.training_completion_utils - INFO - Modelle wurden gespeichert in: /Users/yannickstumpf/PycharmProjects/Trading/backend/models
2025-03-01 13:44:01,603 - backend.training_completion_utils - INFO - =========================================
2025-03-01 13:44:01,603 - backend.training_completion_utils - INFO - Trainingsabschluss-Benachrichtigung gespeichert: /Users/yannickstumpf/PycharmProjects/Trading/logs/training_complete.json
2025-03-01 13:44:01,604 - __main__ - INFO - Training completed successfully!
2025-03-01 13:51:38,518 - backend.database - INFO - Using SQLite database at: /Users/yannickstumpf/PycharmProjects/Trading/backend/data/trading_bot.db
2025-03-01 13:51:38,528 - backend.database - INFO - SQLite database connection established
2025-03-01 13:51:38,528 - backend.alpaca_api - INFO - Loading Alpaca API configuration from: /Users/yannickstumpf/PycharmProjects/Trading/config/settings.json
2025-03-01 13:51:38,528 - backend.alpaca_api - INFO - API key from config: PKLZ...EMG4
2025-03-01 13:51:38,867 - backend.alpaca_api - INFO - Alpaca API client initialized and verified successfully
2025-03-01 13:51:38,867 - __main__ - INFO - Using device: cpu
2025-03-01 13:51:38,868 - __main__ - ERROR - Failed to fetch training data: name 'timeframe' is not defined
2025-03-01 13:51:38,871 - backend.training_completion_utils - INFO - =========================================
2025-03-01 13:51:38,871 - backend.training_completion_utils - INFO - Training vollständig abgeschlossen!
2025-03-01 13:51:38,871 - backend.training_completion_utils - INFO - Modelle für 5 Symbole trainiert: AAPL, MSFT, GOOGL, AMZN, TSLA
2025-03-01 13:51:38,872 - backend.training_completion_utils - INFO - Modelle wurden gespeichert in: /Users/yannickstumpf/PycharmProjects/Trading/backend/models
2025-03-01 13:51:38,872 - backend.training_completion_utils - INFO - =========================================
2025-03-01 13:51:38,873 - backend.training_completion_utils - INFO - Trainingsabschluss-Benachrichtigung gespeichert: /Users/yannickstumpf/PycharmProjects/Trading/logs/training_complete.json
2025-03-01 13:51:38,873 - __main__ - INFO - Training completed successfully!
2025-03-01 13:54:55,898 - __main__ - INFO - Python executable: /Users/yannickstumpf/PycharmProjects/Trading/.venv/bin/python
2025-03-01 13:54:55,899 - __main__ - INFO - Python version: 3.12.0 (v3.12.0:0fb18b02c8, Oct  2 2023, 09:45:56) [Clang 13.0.0 (clang-1300.0.29.30)]
2025-03-01 13:54:55,899 - __main__ - INFO - Current working directory: /Users/yannickstumpf/PycharmProjects/Trading
2025-03-01 13:54:55,899 - __main__ - INFO - Parent directory: /Users/yannickstumpf/PycharmProjects/Trading
2025-03-01 13:54:55,899 - __main__ - INFO - Training parameters:
2025-03-01 13:54:55,899 - __main__ - INFO -   Symbols: ['AAPL', 'MSFT', 'GOOGL', 'AMZN', 'TSLA']
2025-03-01 13:54:55,899 - __main__ - INFO -   Timeframe: 1Day
2025-03-01 13:54:55,899 - __main__ - INFO -   Training Days: 365
2025-03-01 13:54:55,899 - backend.database - INFO - Using SQLite database at: /Users/yannickstumpf/PycharmProjects/Trading/backend/data/trading_bot.db
2025-03-01 13:54:55,908 - backend.database - INFO - SQLite database connection established
2025-03-01 13:54:55,908 - backend.alpaca_api - INFO - Loading Alpaca API configuration from: /Users/yannickstumpf/PycharmProjects/Trading/config/settings.json
2025-03-01 13:54:55,909 - backend.alpaca_api - INFO - API key from config: PKLZ...EMG4
2025-03-01 13:54:56,230 - backend.alpaca_api - INFO - Alpaca API client initialized and verified successfully
2025-03-01 13:54:56,230 - __main__ - INFO - Using device: cpu
2025-03-01 13:54:56,230 - __main__ - INFO - Fetching historical data for 5 symbols from 2024-03-01 to 2025-03-01
2025-03-01 13:54:57,137 - __main__ - INFO - Fetched training data for symbols: ['AAPL', 'MSFT', 'GOOGL', 'AMZN', 'TSLA']
2025-03-01 13:54:57,137 - __main__ - INFO - Starting training for symbol: AAPL
2025-03-01 13:54:57,780 - __main__ - INFO - Epoch 1/50 - Train Loss: 50104.318359, Valid Loss: 58659.726562
2025-03-01 13:54:57,805 - __main__ - INFO - Epoch 2/50 - Train Loss: 49934.787109, Valid Loss: 58476.042969
2025-03-01 13:54:57,827 - __main__ - INFO - Epoch 3/50 - Train Loss: 49754.570312, Valid Loss: 58236.207031
2025-03-01 13:54:57,847 - __main__ - INFO - Epoch 4/50 - Train Loss: 49500.652344, Valid Loss: 57947.507812
2025-03-01 13:54:57,868 - __main__ - INFO - Epoch 5/50 - Train Loss: 49276.671875, Valid Loss: 57627.085938
2025-03-01 13:54:57,889 - __main__ - INFO - Epoch 6/50 - Train Loss: 48971.902344, Valid Loss: 57308.539062
2025-03-01 13:54:57,907 - __main__ - INFO - Epoch 7/50 - Train Loss: 48655.230469, Valid Loss: 57007.105469
2025-03-01 13:54:57,928 - __main__ - INFO - Epoch 8/50 - Train Loss: 48373.916016, Valid Loss: 56721.101562
2025-03-01 13:54:57,946 - __main__ - INFO - Epoch 9/50 - Train Loss: 48152.457031, Valid Loss: 56448.105469
2025-03-01 13:54:57,966 - __main__ - INFO - Epoch 10/50 - Train Loss: 47861.078125, Valid Loss: 56186.718750
2025-03-01 13:54:57,984 - __main__ - INFO - Epoch 11/50 - Train Loss: 47666.001953, Valid Loss: 55938.582031
2025-03-01 13:54:58,003 - __main__ - INFO - Epoch 12/50 - Train Loss: 47400.517578, Valid Loss: 55707.238281
2025-03-01 13:54:58,024 - __main__ - INFO - Epoch 13/50 - Train Loss: 47222.992188, Valid Loss: 55490.414062
2025-03-01 13:54:58,043 - __main__ - INFO - Epoch 14/50 - Train Loss: 47003.062500, Valid Loss: 55281.781250
2025-03-01 13:54:58,062 - __main__ - INFO - Epoch 15/50 - Train Loss: 46828.705078, Valid Loss: 55079.179688
2025-03-01 13:54:58,082 - __main__ - INFO - Epoch 16/50 - Train Loss: 46633.011719, Valid Loss: 54886.335938
2025-03-01 13:54:58,101 - __main__ - INFO - Epoch 17/50 - Train Loss: 46444.689453, Valid Loss: 54704.742188
2025-03-01 13:54:58,120 - __main__ - INFO - Epoch 18/50 - Train Loss: 46343.513672, Valid Loss: 54532.238281
2025-03-01 13:54:58,139 - __main__ - INFO - Epoch 19/50 - Train Loss: 46110.367188, Valid Loss: 54366.519531
2025-03-01 13:54:58,159 - __main__ - INFO - Epoch 20/50 - Train Loss: 45987.853516, Valid Loss: 54206.820312
2025-03-01 13:54:58,178 - __main__ - INFO - Epoch 21/50 - Train Loss: 45823.378906, Valid Loss: 54051.851562
2025-03-01 13:54:58,196 - __main__ - INFO - Epoch 22/50 - Train Loss: 45669.595703, Valid Loss: 53900.687500
2025-03-01 13:54:58,217 - __main__ - INFO - Epoch 23/50 - Train Loss: 45576.757812, Valid Loss: 53752.332031
2025-03-01 13:54:58,236 - __main__ - INFO - Epoch 24/50 - Train Loss: 45409.576172, Valid Loss: 53606.023438
2025-03-01 13:54:58,256 - __main__ - INFO - Epoch 25/50 - Train Loss: 45284.203125, Valid Loss: 53461.664062
2025-03-01 13:54:58,278 - __main__ - INFO - Epoch 26/50 - Train Loss: 45098.849609, Valid Loss: 53318.937500
2025-03-01 13:54:58,297 - __main__ - INFO - Epoch 27/50 - Train Loss: 45040.523438, Valid Loss: 53177.769531
2025-03-01 13:54:58,316 - __main__ - INFO - Epoch 28/50 - Train Loss: 44925.472656, Valid Loss: 53038.105469
2025-03-01 13:54:58,336 - __main__ - INFO - Epoch 29/50 - Train Loss: 44746.638672, Valid Loss: 52899.625000
2025-03-01 13:54:58,354 - __main__ - INFO - Epoch 30/50 - Train Loss: 44624.445312, Valid Loss: 52762.199219
2025-03-01 13:54:58,374 - __main__ - INFO - Epoch 31/50 - Train Loss: 44477.646484, Valid Loss: 52625.707031
2025-03-01 13:54:58,392 - __main__ - INFO - Epoch 32/50 - Train Loss: 44418.662109, Valid Loss: 52490.238281
2025-03-01 13:54:58,412 - __main__ - INFO - Epoch 33/50 - Train Loss: 44216.253906, Valid Loss: 52355.613281
2025-03-01 13:54:58,431 - __main__ - INFO - Epoch 34/50 - Train Loss: 44173.093750, Valid Loss: 52222.023438
2025-03-01 13:54:58,452 - __main__ - INFO - Epoch 35/50 - Train Loss: 44010.228516, Valid Loss: 52089.250000
2025-03-01 13:54:58,475 - __main__ - INFO - Epoch 36/50 - Train Loss: 43878.453125, Valid Loss: 51957.074219
2025-03-01 13:54:58,498 - __main__ - INFO - Epoch 37/50 - Train Loss: 43803.708984, Valid Loss: 51825.605469
2025-03-01 13:54:58,522 - __main__ - INFO - Epoch 38/50 - Train Loss: 43603.714844, Valid Loss: 51694.585938
2025-03-01 13:54:58,546 - __main__ - INFO - Epoch 39/50 - Train Loss: 43562.183594, Valid Loss: 51564.050781
2025-03-01 13:54:58,566 - __main__ - INFO - Epoch 40/50 - Train Loss: 43415.451172, Valid Loss: 51433.976562
2025-03-01 13:54:58,591 - __main__ - INFO - Epoch 41/50 - Train Loss: 43230.880859, Valid Loss: 51303.878906
2025-03-01 13:54:58,613 - __main__ - INFO - Epoch 42/50 - Train Loss: 43154.490234, Valid Loss: 51173.429688
2025-03-01 13:54:58,637 - __main__ - INFO - Epoch 43/50 - Train Loss: 43076.681641, Valid Loss: 51042.898438
2025-03-01 13:54:58,656 - __main__ - INFO - Epoch 44/50 - Train Loss: 42958.048828, Valid Loss: 50913.164062
2025-03-01 13:54:58,676 - __main__ - INFO - Epoch 45/50 - Train Loss: 42806.843750, Valid Loss: 50784.324219
2025-03-01 13:54:58,695 - __main__ - INFO - Epoch 46/50 - Train Loss: 42680.746094, Valid Loss: 50656.105469
2025-03-01 13:54:58,715 - __main__ - INFO - Epoch 47/50 - Train Loss: 42609.011719, Valid Loss: 50528.531250
2025-03-01 13:54:58,734 - __main__ - INFO - Epoch 48/50 - Train Loss: 42408.242188, Valid Loss: 50401.441406
2025-03-01 13:54:58,755 - __main__ - INFO - Epoch 49/50 - Train Loss: 42303.279297, Valid Loss: 50274.847656
2025-03-01 13:54:58,774 - __main__ - INFO - Epoch 50/50 - Train Loss: 42226.294922, Valid Loss: 50148.882812
2025-03-01 13:54:58,774 - __main__ - INFO - Training completed
2025-03-01 13:54:58,775 - __main__ - INFO - Model evaluation for AAPL:
2025-03-01 13:54:58,775 - __main__ - INFO -   MSE: 50684.046875
2025-03-01 13:54:58,775 - __main__ - INFO -   RMSE: 225.131180
2025-03-01 13:54:58,775 - __main__ - INFO -   MAE: 225.111908
2025-03-01 13:54:58,778 - __main__ - ERROR - Error training model for AAPL: Object of type float32 is not JSON serializable
2025-03-01 13:54:58,779 - __main__ - INFO - Starting training for symbol: MSFT
2025-03-01 13:54:58,813 - __main__ - INFO - Epoch 1/50 - Train Loss: 182279.757812, Valid Loss: 177416.218750
2025-03-01 13:54:58,833 - __main__ - INFO - Epoch 2/50 - Train Loss: 181981.265625, Valid Loss: 177034.328125
2025-03-01 13:54:58,852 - __main__ - INFO - Epoch 3/50 - Train Loss: 181533.898438, Valid Loss: 176555.171875
2025-03-01 13:54:58,872 - __main__ - INFO - Epoch 4/50 - Train Loss: 181045.828125, Valid Loss: 175959.390625
2025-03-01 13:54:58,892 - __main__ - INFO - Epoch 5/50 - Train Loss: 180456.085938, Valid Loss: 175311.125000
2025-03-01 13:54:58,911 - __main__ - INFO - Epoch 6/50 - Train Loss: 179690.968750, Valid Loss: 174680.515625
2025-03-01 13:54:58,930 - __main__ - INFO - Epoch 7/50 - Train Loss: 178920.632812, Valid Loss: 174074.531250
2025-03-01 13:54:58,948 - __main__ - INFO - Epoch 8/50 - Train Loss: 178334.804688, Valid Loss: 173504.281250
2025-03-01 13:54:58,968 - __main__ - INFO - Epoch 9/50 - Train Loss: 177849.859375, Valid Loss: 172975.921875
2025-03-01 13:54:58,987 - __main__ - INFO - Epoch 10/50 - Train Loss: 177329.210938, Valid Loss: 172482.625000
2025-03-01 13:54:59,006 - __main__ - INFO - Epoch 11/50 - Train Loss: 176750.093750, Valid Loss: 172031.343750
2025-03-01 13:54:59,026 - __main__ - INFO - Epoch 12/50 - Train Loss: 176450.843750, Valid Loss: 171622.093750
2025-03-01 13:54:59,045 - __main__ - INFO - Epoch 13/50 - Train Loss: 176002.703125, Valid Loss: 171248.000000
2025-03-01 13:54:59,064 - __main__ - INFO - Epoch 14/50 - Train Loss: 175556.945312, Valid Loss: 170904.671875
2025-03-01 13:54:59,083 - __main__ - INFO - Epoch 15/50 - Train Loss: 175301.828125, Valid Loss: 170585.906250
2025-03-01 13:54:59,102 - __main__ - INFO - Epoch 16/50 - Train Loss: 174939.156250, Valid Loss: 170284.687500
2025-03-01 13:54:59,122 - __main__ - INFO - Epoch 17/50 - Train Loss: 174621.578125, Valid Loss: 169993.781250
2025-03-01 13:54:59,140 - __main__ - INFO - Epoch 18/50 - Train Loss: 174431.757812, Valid Loss: 169709.156250
2025-03-01 13:54:59,159 - __main__ - INFO - Epoch 19/50 - Train Loss: 174156.414062, Valid Loss: 169430.625000
2025-03-01 13:54:59,177 - __main__ - INFO - Epoch 20/50 - Train Loss: 173821.437500, Valid Loss: 169157.703125
2025-03-01 13:54:59,197 - __main__ - INFO - Epoch 21/50 - Train Loss: 173452.921875, Valid Loss: 168888.546875
2025-03-01 13:54:59,217 - __main__ - INFO - Epoch 22/50 - Train Loss: 173184.257812, Valid Loss: 168620.796875
2025-03-01 13:54:59,237 - __main__ - INFO - Epoch 23/50 - Train Loss: 172976.968750, Valid Loss: 168353.359375
2025-03-01 13:54:59,258 - __main__ - INFO - Epoch 24/50 - Train Loss: 172671.781250, Valid Loss: 168089.328125
2025-03-01 13:54:59,276 - __main__ - INFO - Epoch 25/50 - Train Loss: 172358.335938, Valid Loss: 167830.171875
2025-03-01 13:54:59,295 - __main__ - INFO - Epoch 26/50 - Train Loss: 172362.015625, Valid Loss: 167574.218750
2025-03-01 13:54:59,314 - __main__ - INFO - Epoch 27/50 - Train Loss: 172082.882812, Valid Loss: 167320.968750
2025-03-01 13:54:59,334 - __main__ - INFO - Epoch 28/50 - Train Loss: 171700.281250, Valid Loss: 167070.062500
2025-03-01 13:54:59,353 - __main__ - INFO - Epoch 29/50 - Train Loss: 171253.406250, Valid Loss: 166821.093750
2025-03-01 13:54:59,372 - __main__ - INFO - Epoch 30/50 - Train Loss: 170954.117188, Valid Loss: 166573.968750
2025-03-01 13:54:59,391 - __main__ - INFO - Epoch 31/50 - Train Loss: 170912.414062, Valid Loss: 166328.578125
2025-03-01 13:54:59,410 - __main__ - INFO - Epoch 32/50 - Train Loss: 170701.601562, Valid Loss: 166084.875000
2025-03-01 13:54:59,429 - __main__ - INFO - Epoch 33/50 - Train Loss: 170485.906250, Valid Loss: 165842.609375
2025-03-01 13:54:59,451 - __main__ - INFO - Epoch 34/50 - Train Loss: 170023.421875, Valid Loss: 165601.656250
2025-03-01 13:54:59,475 - __main__ - INFO - Epoch 35/50 - Train Loss: 169871.570312, Valid Loss: 165362.078125
2025-03-01 13:54:59,499 - __main__ - INFO - Epoch 36/50 - Train Loss: 169714.554688, Valid Loss: 165123.703125
2025-03-01 13:54:59,524 - __main__ - INFO - Epoch 37/50 - Train Loss: 169353.328125, Valid Loss: 164886.500000
2025-03-01 13:54:59,547 - __main__ - INFO - Epoch 38/50 - Train Loss: 169014.296875, Valid Loss: 164650.343750
2025-03-01 13:54:59,569 - __main__ - INFO - Epoch 39/50 - Train Loss: 168949.070312, Valid Loss: 164415.546875
2025-03-01 13:54:59,594 - __main__ - INFO - Epoch 40/50 - Train Loss: 168746.960938, Valid Loss: 164181.921875
2025-03-01 13:54:59,619 - __main__ - INFO - Epoch 41/50 - Train Loss: 168255.367188, Valid Loss: 163949.218750
2025-03-01 13:54:59,643 - __main__ - INFO - Epoch 42/50 - Train Loss: 168255.460938, Valid Loss: 163717.640625
2025-03-01 13:54:59,663 - __main__ - INFO - Epoch 43/50 - Train Loss: 167935.453125, Valid Loss: 163486.734375
2025-03-01 13:54:59,682 - __main__ - INFO - Epoch 44/50 - Train Loss: 167797.234375, Valid Loss: 163256.609375
2025-03-01 13:54:59,702 - __main__ - INFO - Epoch 45/50 - Train Loss: 167555.625000, Valid Loss: 163027.375000
2025-03-01 13:54:59,721 - __main__ - INFO - Epoch 46/50 - Train Loss: 167391.390625, Valid Loss: 162799.203125
2025-03-01 13:54:59,740 - __main__ - INFO - Epoch 47/50 - Train Loss: 167104.531250, Valid Loss: 162571.859375
2025-03-01 13:54:59,760 - __main__ - INFO - Epoch 48/50 - Train Loss: 166860.281250, Valid Loss: 162345.453125
2025-03-01 13:54:59,779 - __main__ - INFO - Epoch 49/50 - Train Loss: 166712.375000, Valid Loss: 162119.796875
2025-03-01 13:54:59,798 - __main__ - INFO - Epoch 50/50 - Train Loss: 166206.226562, Valid Loss: 161894.593750
2025-03-01 13:54:59,799 - __main__ - INFO - Training completed
2025-03-01 13:54:59,800 - __main__ - INFO - Model evaluation for MSFT:
2025-03-01 13:54:59,800 - __main__ - INFO -   MSE: 149157.921875
2025-03-01 13:54:59,800 - __main__ - INFO -   RMSE: 386.209686
2025-03-01 13:54:59,800 - __main__ - INFO -   MAE: 386.140808
2025-03-01 13:54:59,803 - __main__ - ERROR - Error training model for MSFT: Object of type float32 is not JSON serializable
2025-03-01 13:54:59,803 - __main__ - INFO - Starting training for symbol: GOOGL
2025-03-01 13:54:59,839 - __main__ - INFO - Epoch 1/50 - Train Loss: 28902.603516, Valid Loss: 36839.406250
2025-03-01 13:54:59,857 - __main__ - INFO - Epoch 2/50 - Train Loss: 28735.735352, Valid Loss: 36690.546875
2025-03-01 13:54:59,877 - __main__ - INFO - Epoch 3/50 - Train Loss: 28574.067383, Valid Loss: 36510.179688
2025-03-01 13:54:59,897 - __main__ - INFO - Epoch 4/50 - Train Loss: 28467.419922, Valid Loss: 36280.250000
2025-03-01 13:54:59,916 - __main__ - INFO - Epoch 5/50 - Train Loss: 28215.232422, Valid Loss: 36012.382812
2025-03-01 13:54:59,935 - __main__ - INFO - Epoch 6/50 - Train Loss: 28015.467773, Valid Loss: 35746.558594
2025-03-01 13:54:59,955 - __main__ - INFO - Epoch 7/50 - Train Loss: 27783.019531, Valid Loss: 35501.855469
2025-03-01 13:54:59,974 - __main__ - INFO - Epoch 8/50 - Train Loss: 27529.242188, Valid Loss: 35269.925781
2025-03-01 13:54:59,992 - __main__ - INFO - Epoch 9/50 - Train Loss: 27365.503906, Valid Loss: 35042.621094
2025-03-01 13:55:00,012 - __main__ - INFO - Epoch 10/50 - Train Loss: 27177.599609, Valid Loss: 34818.792969
2025-03-01 13:55:00,033 - __main__ - INFO - Epoch 11/50 - Train Loss: 26958.654297, Valid Loss: 34603.476562
2025-03-01 13:55:00,052 - __main__ - INFO - Epoch 12/50 - Train Loss: 26793.598633, Valid Loss: 34406.480469
2025-03-01 13:55:00,070 - __main__ - INFO - Epoch 13/50 - Train Loss: 26601.864258, Valid Loss: 34228.878906
2025-03-01 13:55:00,090 - __main__ - INFO - Epoch 14/50 - Train Loss: 26461.905273, Valid Loss: 34067.007812
2025-03-01 13:55:00,109 - __main__ - INFO - Epoch 15/50 - Train Loss: 26302.634766, Valid Loss: 33917.394531
2025-03-01 13:55:00,128 - __main__ - INFO - Epoch 16/50 - Train Loss: 26210.909180, Valid Loss: 33776.847656
2025-03-01 13:55:00,148 - __main__ - INFO - Epoch 17/50 - Train Loss: 26079.302734, Valid Loss: 33643.257812
2025-03-01 13:55:00,166 - __main__ - INFO - Epoch 18/50 - Train Loss: 25933.824219, Valid Loss: 33516.082031
2025-03-01 13:55:00,186 - __main__ - INFO - Epoch 19/50 - Train Loss: 25864.086914, Valid Loss: 33393.695312
2025-03-01 13:55:00,204 - __main__ - INFO - Epoch 20/50 - Train Loss: 25739.462891, Valid Loss: 33274.367188
2025-03-01 13:55:00,222 - __main__ - INFO - Epoch 21/50 - Train Loss: 25626.458984, Valid Loss: 33157.238281
2025-03-01 13:55:00,244 - __main__ - INFO - Epoch 22/50 - Train Loss: 25519.029297, Valid Loss: 33041.667969
2025-03-01 13:55:00,263 - __main__ - INFO - Epoch 23/50 - Train Loss: 25404.727539, Valid Loss: 32927.164062
2025-03-01 13:55:00,281 - __main__ - INFO - Epoch 24/50 - Train Loss: 25300.273438, Valid Loss: 32813.847656
2025-03-01 13:55:00,301 - __main__ - INFO - Epoch 25/50 - Train Loss: 25246.512695, Valid Loss: 32701.724609
2025-03-01 13:55:00,319 - __main__ - INFO - Epoch 26/50 - Train Loss: 25102.772461, Valid Loss: 32590.693359
2025-03-01 13:55:00,339 - __main__ - INFO - Epoch 27/50 - Train Loss: 25007.944336, Valid Loss: 32480.775391
2025-03-01 13:55:00,358 - __main__ - INFO - Epoch 28/50 - Train Loss: 24959.436523, Valid Loss: 32372.037109
2025-03-01 13:55:00,378 - __main__ - INFO - Epoch 29/50 - Train Loss: 24792.836914, Valid Loss: 32264.191406
2025-03-01 13:55:00,397 - __main__ - INFO - Epoch 30/50 - Train Loss: 24731.182617, Valid Loss: 32157.253906
2025-03-01 13:55:00,417 - __main__ - INFO - Epoch 31/50 - Train Loss: 24637.246094, Valid Loss: 32051.212891
2025-03-01 13:55:00,436 - __main__ - INFO - Epoch 32/50 - Train Loss: 24555.003906, Valid Loss: 31946.072266
2025-03-01 13:55:00,459 - __main__ - INFO - Epoch 33/50 - Train Loss: 24440.749023, Valid Loss: 31841.652344
2025-03-01 13:55:00,481 - __main__ - INFO - Epoch 34/50 - Train Loss: 24357.769531, Valid Loss: 31737.912109
2025-03-01 13:55:00,504 - __main__ - INFO - Epoch 35/50 - Train Loss: 24291.190430, Valid Loss: 31634.833984
2025-03-01 13:55:00,529 - __main__ - INFO - Epoch 36/50 - Train Loss: 24202.341797, Valid Loss: 31532.285156
2025-03-01 13:55:00,550 - __main__ - INFO - Epoch 37/50 - Train Loss: 24060.071289, Valid Loss: 31429.722656
2025-03-01 13:55:00,569 - __main__ - INFO - Epoch 38/50 - Train Loss: 23978.469727, Valid Loss: 31326.849609
2025-03-01 13:55:00,591 - __main__ - INFO - Epoch 39/50 - Train Loss: 23926.133789, Valid Loss: 31224.474609
2025-03-01 13:55:00,613 - __main__ - INFO - Epoch 40/50 - Train Loss: 23810.833984, Valid Loss: 31123.253906
2025-03-01 13:55:00,634 - __main__ - INFO - Epoch 41/50 - Train Loss: 23728.419922, Valid Loss: 31022.613281
2025-03-01 13:55:00,655 - __main__ - INFO - Epoch 42/50 - Train Loss: 23602.699219, Valid Loss: 30922.503906
2025-03-01 13:55:00,675 - __main__ - INFO - Epoch 43/50 - Train Loss: 23632.415039, Valid Loss: 30823.150391
2025-03-01 13:55:00,694 - __main__ - INFO - Epoch 44/50 - Train Loss: 23465.602539, Valid Loss: 30724.306641
2025-03-01 13:55:00,714 - __main__ - INFO - Epoch 45/50 - Train Loss: 23395.955078, Valid Loss: 30625.941406
2025-03-01 13:55:00,732 - __main__ - INFO - Epoch 46/50 - Train Loss: 23309.920898, Valid Loss: 30528.046875
2025-03-01 13:55:00,751 - __main__ - INFO - Epoch 47/50 - Train Loss: 23195.377930, Valid Loss: 30430.593750
2025-03-01 13:55:00,770 - __main__ - INFO - Epoch 48/50 - Train Loss: 23134.825195, Valid Loss: 30333.681641
2025-03-01 13:55:00,790 - __main__ - INFO - Epoch 49/50 - Train Loss: 23024.613281, Valid Loss: 30237.281250
2025-03-01 13:55:00,810 - __main__ - INFO - Epoch 50/50 - Train Loss: 22983.322266, Valid Loss: 30141.355469
2025-03-01 13:55:00,810 - __main__ - INFO - Training completed
2025-03-01 13:55:00,811 - __main__ - INFO - Model evaluation for GOOGL:
2025-03-01 13:55:00,812 - __main__ - INFO -   MSE: 25856.695312
2025-03-01 13:55:00,812 - __main__ - INFO -   RMSE: 160.800171
2025-03-01 13:55:00,812 - __main__ - INFO -   MAE: 160.681427
2025-03-01 13:55:00,815 - __main__ - ERROR - Error training model for GOOGL: Object of type float32 is not JSON serializable
2025-03-01 13:55:00,815 - __main__ - INFO - Starting training for symbol: AMZN
2025-03-01 13:55:00,851 - __main__ - INFO - Epoch 1/50 - Train Loss: 35278.984375, Valid Loss: 48828.062500
2025-03-01 13:55:00,870 - __main__ - INFO - Epoch 2/50 - Train Loss: 35149.044922, Valid Loss: 48630.644531
2025-03-01 13:55:00,888 - __main__ - INFO - Epoch 3/50 - Train Loss: 34921.855469, Valid Loss: 48390.675781
2025-03-01 13:55:00,908 - __main__ - INFO - Epoch 4/50 - Train Loss: 34741.923828, Valid Loss: 48108.468750
2025-03-01 13:55:00,928 - __main__ - INFO - Epoch 5/50 - Train Loss: 34442.017578, Valid Loss: 47812.050781
2025-03-01 13:55:00,946 - __main__ - INFO - Epoch 6/50 - Train Loss: 34183.083984, Valid Loss: 47531.515625
2025-03-01 13:55:00,965 - __main__ - INFO - Epoch 7/50 - Train Loss: 33970.802734, Valid Loss: 47265.863281
2025-03-01 13:55:00,985 - __main__ - INFO - Epoch 8/50 - Train Loss: 33722.210938, Valid Loss: 46998.242188
2025-03-01 13:55:01,003 - __main__ - INFO - Epoch 9/50 - Train Loss: 33552.525391, Valid Loss: 46725.781250
2025-03-01 13:55:01,023 - __main__ - INFO - Epoch 10/50 - Train Loss: 33314.675781, Valid Loss: 46458.101562
2025-03-01 13:55:01,042 - __main__ - INFO - Epoch 11/50 - Train Loss: 33104.722656, Valid Loss: 46204.945312
2025-03-01 13:55:01,061 - __main__ - INFO - Epoch 12/50 - Train Loss: 32889.457031, Valid Loss: 45968.992188
2025-03-01 13:55:01,080 - __main__ - INFO - Epoch 13/50 - Train Loss: 32662.831055, Valid Loss: 45747.691406
2025-03-01 13:55:01,100 - __main__ - INFO - Epoch 14/50 - Train Loss: 32493.694336, Valid Loss: 45542.734375
2025-03-01 13:55:01,119 - __main__ - INFO - Epoch 15/50 - Train Loss: 32288.511719, Valid Loss: 45356.664062
2025-03-01 13:55:01,138 - __main__ - INFO - Epoch 16/50 - Train Loss: 32191.849609, Valid Loss: 45186.710938
2025-03-01 13:55:01,156 - __main__ - INFO - Epoch 17/50 - Train Loss: 31994.617188, Valid Loss: 45027.929688
2025-03-01 13:55:01,176 - __main__ - INFO - Epoch 18/50 - Train Loss: 31920.065430, Valid Loss: 44877.550781
2025-03-01 13:55:01,196 - __main__ - INFO - Epoch 19/50 - Train Loss: 31845.480469, Valid Loss: 44733.085938
2025-03-01 13:55:01,216 - __main__ - INFO - Epoch 20/50 - Train Loss: 31658.702148, Valid Loss: 44592.617188
2025-03-01 13:55:01,234 - __main__ - INFO - Epoch 21/50 - Train Loss: 31576.397461, Valid Loss: 44454.992188
2025-03-01 13:55:01,254 - __main__ - INFO - Epoch 22/50 - Train Loss: 31434.990234, Valid Loss: 44319.324219
2025-03-01 13:55:01,274 - __main__ - INFO - Epoch 23/50 - Train Loss: 31335.309570, Valid Loss: 44184.898438
2025-03-01 13:55:01,294 - __main__ - INFO - Epoch 24/50 - Train Loss: 31205.149414, Valid Loss: 44051.417969
2025-03-01 13:55:01,325 - __main__ - INFO - Epoch 25/50 - Train Loss: 31071.311523, Valid Loss: 43919.175781
2025-03-01 13:55:01,345 - __main__ - INFO - Epoch 26/50 - Train Loss: 30993.369141, Valid Loss: 43788.425781
2025-03-01 13:55:01,364 - __main__ - INFO - Epoch 27/50 - Train Loss: 30841.834961, Valid Loss: 43659.109375
2025-03-01 13:55:01,382 - __main__ - INFO - Epoch 28/50 - Train Loss: 30797.981445, Valid Loss: 43531.132812
2025-03-01 13:55:01,402 - __main__ - INFO - Epoch 29/50 - Train Loss: 30680.814453, Valid Loss: 43404.246094
2025-03-01 13:55:01,423 - __main__ - INFO - Epoch 30/50 - Train Loss: 30538.793945, Valid Loss: 43278.398438
2025-03-01 13:55:01,443 - __main__ - INFO - Epoch 31/50 - Train Loss: 30402.655273, Valid Loss: 43153.425781
2025-03-01 13:55:01,467 - __main__ - INFO - Epoch 32/50 - Train Loss: 30339.506836, Valid Loss: 43029.425781
2025-03-01 13:55:01,492 - __main__ - INFO - Epoch 33/50 - Train Loss: 30188.258789, Valid Loss: 42906.332031
2025-03-01 13:55:01,518 - __main__ - INFO - Epoch 34/50 - Train Loss: 30136.691406, Valid Loss: 42784.187500
2025-03-01 13:55:01,542 - __main__ - INFO - Epoch 35/50 - Train Loss: 29976.398438, Valid Loss: 42662.835938
2025-03-01 13:55:01,563 - __main__ - INFO - Epoch 36/50 - Train Loss: 29914.672852, Valid Loss: 42542.425781
2025-03-01 13:55:01,586 - __main__ - INFO - Epoch 37/50 - Train Loss: 29758.220703, Valid Loss: 42422.714844
2025-03-01 13:55:01,609 - __main__ - INFO - Epoch 38/50 - Train Loss: 29658.175781, Valid Loss: 42303.601562
2025-03-01 13:55:01,631 - __main__ - INFO - Epoch 39/50 - Train Loss: 29675.477539, Valid Loss: 42185.421875
2025-03-01 13:55:01,652 - __main__ - INFO - Epoch 40/50 - Train Loss: 29534.602539, Valid Loss: 42067.972656
2025-03-01 13:55:01,672 - __main__ - INFO - Epoch 41/50 - Train Loss: 29451.556641, Valid Loss: 41951.253906
2025-03-01 13:55:01,690 - __main__ - INFO - Epoch 42/50 - Train Loss: 29328.043945, Valid Loss: 41835.175781
2025-03-01 13:55:01,711 - __main__ - INFO - Epoch 43/50 - Train Loss: 29290.330078, Valid Loss: 41719.804688
2025-03-01 13:55:01,731 - __main__ - INFO - Epoch 44/50 - Train Loss: 29116.340820, Valid Loss: 41605.039062
2025-03-01 13:55:01,749 - __main__ - INFO - Epoch 45/50 - Train Loss: 29057.460938, Valid Loss: 41490.933594
2025-03-01 13:55:01,769 - __main__ - INFO - Epoch 46/50 - Train Loss: 29037.127930, Valid Loss: 41377.449219
2025-03-01 13:55:01,788 - __main__ - INFO - Epoch 47/50 - Train Loss: 28817.297852, Valid Loss: 41264.332031
2025-03-01 13:55:01,808 - __main__ - INFO - Epoch 48/50 - Train Loss: 28753.839844, Valid Loss: 41151.718750
2025-03-01 13:55:01,826 - __main__ - INFO - Epoch 49/50 - Train Loss: 28658.518555, Valid Loss: 41039.570312
2025-03-01 13:55:01,846 - __main__ - INFO - Epoch 50/50 - Train Loss: 28551.948242, Valid Loss: 40927.859375
2025-03-01 13:55:01,846 - __main__ - INFO - Training completed
2025-03-01 13:55:01,847 - __main__ - INFO - Model evaluation for AMZN:
2025-03-01 13:55:01,847 - __main__ - INFO -   MSE: 40223.394531
2025-03-01 13:55:01,847 - __main__ - INFO -   RMSE: 200.557709
2025-03-01 13:55:01,847 - __main__ - INFO -   MAE: 200.419830
2025-03-01 13:55:01,850 - __main__ - ERROR - Error training model for AMZN: Object of type float32 is not JSON serializable
2025-03-01 13:55:01,851 - __main__ - INFO - Starting training for symbol: TSLA
2025-03-01 13:55:01,890 - __main__ - INFO - Epoch 1/50 - Train Loss: 59010.041016, Valid Loss: 160217.531250
2025-03-01 13:55:01,911 - __main__ - INFO - Epoch 2/50 - Train Loss: 58573.171875, Valid Loss: 159899.000000
2025-03-01 13:55:01,934 - __main__ - INFO - Epoch 3/50 - Train Loss: 58560.580078, Valid Loss: 159486.812500
2025-03-01 13:55:01,956 - __main__ - INFO - Epoch 4/50 - Train Loss: 58221.000000, Valid Loss: 158943.078125
2025-03-01 13:55:01,978 - __main__ - INFO - Epoch 5/50 - Train Loss: 57773.818359, Valid Loss: 158324.296875
2025-03-01 13:55:02,000 - __main__ - INFO - Epoch 6/50 - Train Loss: 57691.203125, Valid Loss: 157733.296875
2025-03-01 13:55:02,020 - __main__ - INFO - Epoch 7/50 - Train Loss: 57252.660156, Valid Loss: 157195.468750
2025-03-01 13:55:02,040 - __main__ - INFO - Epoch 8/50 - Train Loss: 56962.107422, Valid Loss: 156680.625000
2025-03-01 13:55:02,057 - __main__ - INFO - Epoch 9/50 - Train Loss: 56195.984375, Valid Loss: 156173.328125
2025-03-01 13:55:02,077 - __main__ - INFO - Epoch 10/50 - Train Loss: 56421.939453, Valid Loss: 155684.546875
2025-03-01 13:55:02,097 - __main__ - INFO - Epoch 11/50 - Train Loss: 55826.812500, Valid Loss: 155234.250000
2025-03-01 13:55:02,117 - __main__ - INFO - Epoch 12/50 - Train Loss: 55878.501953, Valid Loss: 154831.531250
2025-03-01 13:55:02,135 - __main__ - INFO - Epoch 13/50 - Train Loss: 55480.351562, Valid Loss: 154467.031250
2025-03-01 13:55:02,155 - __main__ - INFO - Epoch 14/50 - Train Loss: 55052.902344, Valid Loss: 154129.515625
2025-03-01 13:55:02,174 - __main__ - INFO - Epoch 15/50 - Train Loss: 55180.912109, Valid Loss: 153813.375000
2025-03-01 13:55:02,194 - __main__ - INFO - Epoch 16/50 - Train Loss: 54907.386719, Valid Loss: 153514.750000
2025-03-01 13:55:02,214 - __main__ - INFO - Epoch 17/50 - Train Loss: 54793.751953, Valid Loss: 153229.203125
2025-03-01 13:55:02,234 - __main__ - INFO - Epoch 18/50 - Train Loss: 54514.609375, Valid Loss: 152952.250000
2025-03-01 13:55:02,253 - __main__ - INFO - Epoch 19/50 - Train Loss: 54262.300781, Valid Loss: 152682.546875
2025-03-01 13:55:02,273 - __main__ - INFO - Epoch 20/50 - Train Loss: 54160.033203, Valid Loss: 152419.328125
2025-03-01 13:55:02,291 - __main__ - INFO - Epoch 21/50 - Train Loss: 53925.505859, Valid Loss: 152161.250000
2025-03-01 13:55:02,311 - __main__ - INFO - Epoch 22/50 - Train Loss: 53894.257812, Valid Loss: 151908.000000
2025-03-01 13:55:02,330 - __main__ - INFO - Epoch 23/50 - Train Loss: 53721.498047, Valid Loss: 151659.781250
2025-03-01 13:55:02,349 - __main__ - INFO - Epoch 24/50 - Train Loss: 53571.314453, Valid Loss: 151416.078125
2025-03-01 13:55:02,369 - __main__ - INFO - Epoch 25/50 - Train Loss: 53714.310547, Valid Loss: 151175.375000
2025-03-01 13:55:02,388 - __main__ - INFO - Epoch 26/50 - Train Loss: 53643.988281, Valid Loss: 150936.312500
2025-03-01 13:55:02,408 - __main__ - INFO - Epoch 27/50 - Train Loss: 53078.078125, Valid Loss: 150697.812500
2025-03-01 13:55:02,427 - __main__ - INFO - Epoch 28/50 - Train Loss: 52936.740234, Valid Loss: 150460.437500
2025-03-01 13:55:02,449 - __main__ - INFO - Epoch 29/50 - Train Loss: 52808.171875, Valid Loss: 150224.468750
2025-03-01 13:55:02,470 - __main__ - INFO - Epoch 30/50 - Train Loss: 52855.835938, Valid Loss: 149990.578125
2025-03-01 13:55:02,493 - __main__ - INFO - Epoch 31/50 - Train Loss: 52929.539062, Valid Loss: 149759.343750
2025-03-01 13:55:02,517 - __main__ - INFO - Epoch 32/50 - Train Loss: 52514.046875, Valid Loss: 149529.765625
2025-03-01 13:55:02,539 - __main__ - INFO - Epoch 33/50 - Train Loss: 52562.369141, Valid Loss: 149301.875000
2025-03-01 13:55:02,561 - __main__ - INFO - Epoch 34/50 - Train Loss: 52286.060547, Valid Loss: 149075.296875
2025-03-01 13:55:02,583 - __main__ - INFO - Epoch 35/50 - Train Loss: 52213.193359, Valid Loss: 148850.218750
2025-03-01 13:55:02,606 - __main__ - INFO - Epoch 36/50 - Train Loss: 51897.503906, Valid Loss: 148626.328125
2025-03-01 13:55:02,628 - __main__ - INFO - Epoch 37/50 - Train Loss: 51798.898438, Valid Loss: 148403.531250
2025-03-01 13:55:02,649 - __main__ - INFO - Epoch 38/50 - Train Loss: 51488.005859, Valid Loss: 148181.796875
2025-03-01 13:55:02,668 - __main__ - INFO - Epoch 39/50 - Train Loss: 51672.156250, Valid Loss: 147961.625000
2025-03-01 13:55:02,688 - __main__ - INFO - Epoch 40/50 - Train Loss: 51363.310547, Valid Loss: 147741.968750
2025-03-01 13:55:02,707 - __main__ - INFO - Epoch 41/50 - Train Loss: 51455.382812, Valid Loss: 147523.578125
2025-03-01 13:55:02,727 - __main__ - INFO - Epoch 42/50 - Train Loss: 51195.902344, Valid Loss: 147306.046875
2025-03-01 13:55:02,747 - __main__ - INFO - Epoch 43/50 - Train Loss: 50946.798828, Valid Loss: 147089.468750
2025-03-01 13:55:02,766 - __main__ - INFO - Epoch 44/50 - Train Loss: 51144.896484, Valid Loss: 146874.203125
2025-03-01 13:55:02,784 - __main__ - INFO - Epoch 45/50 - Train Loss: 50837.382812, Valid Loss: 146659.656250
2025-03-01 13:55:02,804 - __main__ - INFO - Epoch 46/50 - Train Loss: 50836.039062, Valid Loss: 146445.921875
2025-03-01 13:55:02,824 - __main__ - INFO - Epoch 47/50 - Train Loss: 50799.511719, Valid Loss: 146232.968750
2025-03-01 13:55:02,844 - __main__ - INFO - Epoch 48/50 - Train Loss: 50584.599609, Valid Loss: 146020.593750
2025-03-01 13:55:02,863 - __main__ - INFO - Epoch 49/50 - Train Loss: 50300.843750, Valid Loss: 145808.890625
2025-03-01 13:55:02,883 - __main__ - INFO - Epoch 50/50 - Train Loss: 50325.357422, Valid Loss: 145598.156250
2025-03-01 13:55:02,883 - __main__ - INFO - Training completed
2025-03-01 13:55:02,885 - __main__ - INFO - Model evaluation for TSLA:
2025-03-01 13:55:02,885 - __main__ - INFO -   MSE: 96803.117188
2025-03-01 13:55:02,885 - __main__ - INFO -   RMSE: 311.131989
2025-03-01 13:55:02,885 - __main__ - INFO -   MAE: 309.747772
2025-03-01 13:55:02,888 - __main__ - ERROR - Error training model for TSLA: Object of type float32 is not JSON serializable
2025-03-01 13:55:02,888 - __main__ - INFO - Training completed. Models saved for: []
2025-03-01 13:55:02,890 - backend.training_completion_utils - INFO - =========================================
2025-03-01 13:55:02,890 - backend.training_completion_utils - INFO - Training vollständig abgeschlossen!
2025-03-01 13:55:02,890 - backend.training_completion_utils - INFO - Modelle für 5 Symbole trainiert: AAPL, MSFT, GOOGL, AMZN, TSLA
2025-03-01 13:55:02,890 - backend.training_completion_utils - INFO - Modelle wurden gespeichert in: /Users/yannickstumpf/PycharmProjects/Trading/backend/models
2025-03-01 13:55:02,890 - backend.training_completion_utils - INFO - =========================================
2025-03-01 13:55:02,890 - backend.training_completion_utils - INFO - Trainingsabschluss-Benachrichtigung gespeichert: /Users/yannickstumpf/PycharmProjects/Trading/logs/training_complete.json
2025-03-01 13:55:02,890 - __main__ - INFO - Training completed successfully!
